C:\Users\Marissa\Documents\GitHub\OpenGLESTessellation\CPUT\temp\Win32\v110\Release-GL\CL.10392.read.1.tlog
C:\Users\Marissa\Documents\GitHub\OpenGLESTessellation\CPUT\temp\Win32\v110\Release-GL\CL.10392.write.1.tlog
C:\Users\Marissa\Documents\GitHub\OpenGLESTessellation\CPUT\temp\Win32\v110\Release-GL\CL.13872.read.1.tlog
C:\Users\Marissa\Documents\GitHub\OpenGLESTessellation\CPUT\temp\Win32\v110\Release-GL\CL.13872.write.1.tlog
C:\Users\Marissa\Documents\GitHub\OpenGLESTessellation\CPUT\temp\Win32\v110\Release-GL\CL.600.read.1.tlog
C:\Users\Marissa\Documents\GitHub\OpenGLESTessellation\CPUT\temp\Win32\v110\Release-GL\CL.600.write.1.tlog
C:\Users\Marissa\Documents\GitHub\OpenGLESTessellation\CPUT\temp\Win32\v110\Release-GL\CL.7280.read.1.tlog
C:\Users\Marissa\Documents\GitHub\OpenGLESTessellation\CPUT\temp\Win32\v110\Release-GL\CL.7280.write.1.tlog
C:\Users\Marissa\Documents\GitHub\OpenGLESTessellation\CPUT\temp\Win32\v110\Release-GL\CL.8656.read.1.tlog
C:\Users\Marissa\Documents\GitHub\OpenGLESTessellation\CPUT\temp\Win32\v110\Release-GL\CL.8656.write.1.tlog
C:\Users\Marissa\Documents\GitHub\OpenGLESTessellation\CPUT\temp\Win32\v110\Release-GL\CL.8936.read.1.tlog
C:\Users\Marissa\Documents\GitHub\OpenGLESTessellation\CPUT\temp\Win32\v110\Release-GL\CL.8936.write.1.tlog
C:\Users\Marissa\Documents\GitHub\OpenGLESTessellation\CPUT\temp\Win32\v110\Release-GL\CL.9868.read.1.tlog
C:\Users\Marissa\Documents\GitHub\OpenGLESTessellation\CPUT\temp\Win32\v110\Release-GL\CL.9868.write.1.tlog
C:\Users\Marissa\Documents\GitHub\OpenGLESTessellation\CPUT\temp\Win32\v110\Release-GL\CL.9892.read.1.tlog
C:\Users\Marissa\Documents\GitHub\OpenGLESTessellation\CPUT\temp\Win32\v110\Release-GL\CL.9892.write.1.tlog
C:\Users\Marissa\Documents\GitHub\OpenGLESTessellation\CPUT\temp\Win32\v110\Release-GL\cl.command.1.tlog
C:\Users\Marissa\Documents\GitHub\OpenGLESTessellation\CPUT\temp\Win32\v110\Release-GL\CL.read.1.tlog
C:\Users\Marissa\Documents\GitHub\OpenGLESTessellation\CPUT\temp\Win32\v110\Release-GL\cl.write.1.tlog
C:\Users\Marissa\Documents\GitHub\OpenGLESTessellation\CPUT\temp\Win32\v110\Release-GL\vc110.pdb
