C:\Users\Marissa\Documents\GitHub\OpenGLESTessellation\CPUT\temp\Win32\v110\Debug-GL\CL.10268.read.1.tlog
C:\Users\Marissa\Documents\GitHub\OpenGLESTessellation\CPUT\temp\Win32\v110\Debug-GL\CL.10268.write.1.tlog
C:\Users\Marissa\Documents\GitHub\OpenGLESTessellation\CPUT\temp\Win32\v110\Debug-GL\CL.10552.read.1.tlog
C:\Users\Marissa\Documents\GitHub\OpenGLESTessellation\CPUT\temp\Win32\v110\Debug-GL\CL.10552.write.1.tlog
C:\Users\Marissa\Documents\GitHub\OpenGLESTessellation\CPUT\temp\Win32\v110\Debug-GL\CL.10696.read.1.tlog
C:\Users\Marissa\Documents\GitHub\OpenGLESTessellation\CPUT\temp\Win32\v110\Debug-GL\CL.10696.write.1.tlog
C:\Users\Marissa\Documents\GitHub\OpenGLESTessellation\CPUT\temp\Win32\v110\Debug-GL\CL.12716.read.1.tlog
C:\Users\Marissa\Documents\GitHub\OpenGLESTessellation\CPUT\temp\Win32\v110\Debug-GL\CL.12716.write.1.tlog
C:\Users\Marissa\Documents\GitHub\OpenGLESTessellation\CPUT\temp\Win32\v110\Debug-GL\CL.13752.read.1.tlog
C:\Users\Marissa\Documents\GitHub\OpenGLESTessellation\CPUT\temp\Win32\v110\Debug-GL\CL.13752.write.1.tlog
C:\Users\Marissa\Documents\GitHub\OpenGLESTessellation\CPUT\temp\Win32\v110\Debug-GL\CL.2016.read.1.tlog
C:\Users\Marissa\Documents\GitHub\OpenGLESTessellation\CPUT\temp\Win32\v110\Debug-GL\CL.2016.write.1.tlog
C:\Users\Marissa\Documents\GitHub\OpenGLESTessellation\CPUT\temp\Win32\v110\Debug-GL\CL.3688.read.1.tlog
C:\Users\Marissa\Documents\GitHub\OpenGLESTessellation\CPUT\temp\Win32\v110\Debug-GL\CL.3688.write.1.tlog
C:\Users\Marissa\Documents\GitHub\OpenGLESTessellation\CPUT\temp\Win32\v110\Debug-GL\CL.9548.read.1.tlog
C:\Users\Marissa\Documents\GitHub\OpenGLESTessellation\CPUT\temp\Win32\v110\Debug-GL\CL.9548.write.1.tlog
C:\Users\Marissa\Documents\GitHub\OpenGLESTessellation\CPUT\temp\Win32\v110\Debug-GL\cl.command.1.tlog
C:\Users\Marissa\Documents\GitHub\OpenGLESTessellation\CPUT\temp\Win32\v110\Debug-GL\CL.read.1.tlog
C:\Users\Marissa\Documents\GitHub\OpenGLESTessellation\CPUT\temp\Win32\v110\Debug-GL\cl.write.1.tlog
C:\Users\Marissa\Documents\GitHub\OpenGLESTessellation\CPUT\temp\Win32\v110\Debug-GL\vc110.idb
C:\Users\Marissa\Documents\GitHub\OpenGLESTessellation\CPUT\temp\Win32\v110\Debug-GL\vc110.pdb
